<?xml version="1.0" encoding="UTF-8"?>
<testsuite xmlns:xsi="http://www.w3.org/2001/XMLSchema-instance" xsi:noNamespaceSchemaLocation="https://maven.apache.org/surefire/maven-surefire-plugin/xsd/surefire-test-report.xsd" name="com.tempus.app.AppTest" time="0.033" tests="1" errors="0" skipped="0" failures="0">
  <properties>
    <property name="sun.desktop" value="gnome"/>
    <property name="awt.toolkit" value="sun.awt.X11.XToolkit"/>
    <property name="java.specification.version" value="11"/>
    <property name="sun.cpu.isalist" value=""/>
    <property name="sun.jnu.encoding" value="UTF-8"/>
    <property name="java.class.path" value="/home/panama/Desktop/DSP/Cerium/server/server/target/test-classes:/home/panama/Desktop/DSP/Cerium/server/server/target/classes:/home/panama/.m2/repository/junit/junit/4.11/junit-4.11.jar:/home/panama/.m2/repository/org/hamcrest/hamcrest-core/1.3/hamcrest-core-1.3.jar:/home/panama/.m2/repository/com/google/firebase/firebase-admin/9.1.1/firebase-admin-9.1.1.jar:/home/panama/.m2/repository/com/google/api-client/google-api-client/2.0.0/google-api-client-2.0.0.jar:/home/panama/.m2/repository/com/google/oauth-client/google-oauth-client/1.34.1/google-oauth-client-1.34.1.jar:/home/panama/.m2/repository/com/google/http-client/google-http-client-gson/1.42.1/google-http-client-gson-1.42.1.jar:/home/panama/.m2/repository/com/google/http-client/google-http-client-apache-v2/1.42.1/google-http-client-apache-v2-1.42.1.jar:/home/panama/.m2/repository/org/apache/httpcomponents/httpcore/4.4.15/httpcore-4.4.15.jar:/home/panama/.m2/repository/org/apache/httpcomponents/httpclient/4.5.13/httpclient-4.5.13.jar:/home/panama/.m2/repository/com/google/api-client/google-api-client-gson/2.0.0/google-api-client-gson-2.0.0.jar:/home/panama/.m2/repository/com/google/http-client/google-http-client/1.42.2/google-http-client-1.42.2.jar:/home/panama/.m2/repository/com/google/code/findbugs/jsr305/3.0.2/jsr305-3.0.2.jar:/home/panama/.m2/repository/com/google/j2objc/j2objc-annotations/1.3/j2objc-annotations-1.3.jar:/home/panama/.m2/repository/io/opencensus/opencensus-api/0.31.1/opencensus-api-0.31.1.jar:/home/panama/.m2/repository/io/opencensus/opencensus-contrib-http-util/0.31.1/opencensus-contrib-http-util-0.31.1.jar:/home/panama/.m2/repository/com/google/api/api-common/2.2.1/api-common-2.2.1.jar:/home/panama/.m2/repository/javax/annotation/javax.annotation-api/1.3.2/javax.annotation-api-1.3.2.jar:/home/panama/.m2/repository/com/google/auto/value/auto-value-annotations/1.9/auto-value-annotations-1.9.jar:/home/panama/.m2/repository/com/google/auth/google-auth-library-oauth2-http/1.12.1/google-auth-library-oauth2-http-1.12.1.jar:/home/panama/.m2/repository/com/google/auth/google-auth-library-credentials/1.12.1/google-auth-library-credentials-1.12.1.jar:/home/panama/.m2/repository/com/google/cloud/google-cloud-storage/2.14.0/google-cloud-storage-2.14.0.jar:/home/panama/.m2/repository/com/google/guava/failureaccess/1.0.1/failureaccess-1.0.1.jar:/home/panama/.m2/repository/com/google/guava/listenablefuture/9999.0-empty-to-avoid-conflict-with-guava/listenablefuture-9999.0-empty-to-avoid-conflict-with-guava.jar:/home/panama/.m2/repository/com/google/http-client/google-http-client-jackson2/1.42.2/google-http-client-jackson2-1.42.2.jar:/home/panama/.m2/repository/com/google/apis/google-api-services-storage/v1-rev20220705-2.0.0/google-api-services-storage-v1-rev20220705-2.0.0.jar:/home/panama/.m2/repository/com/google/code/gson/gson/2.9.1/gson-2.9.1.jar:/home/panama/.m2/repository/com/google/cloud/google-cloud-core/2.8.22/google-cloud-core-2.8.22.jar:/home/panama/.m2/repository/com/google/cloud/google-cloud-core-http/2.8.22/google-cloud-core-http-2.8.22.jar:/home/panama/.m2/repository/com/google/http-client/google-http-client-appengine/1.42.2/google-http-client-appengine-1.42.2.jar:/home/panama/.m2/repository/com/google/api/gax-httpjson/0.104.4/gax-httpjson-0.104.4.jar:/home/panama/.m2/repository/com/google/cloud/google-cloud-core-grpc/2.8.22/google-cloud-core-grpc-2.8.22.jar:/home/panama/.m2/repository/io/grpc/grpc-core/1.50.1/grpc-core-1.50.1.jar:/home/panama/.m2/repository/com/google/android/annotations/4.1.1.4/annotations-4.1.1.4.jar:/home/panama/.m2/repository/org/codehaus/mojo/animal-sniffer-annotations/1.22/animal-sniffer-annotations-1.22.jar:/home/panama/.m2/repository/com/google/api/gax/2.19.4/gax-2.19.4.jar:/home/panama/.m2/repository/com/google/api/gax-grpc/2.19.4/gax-grpc-2.19.4.jar:/home/panama/.m2/repository/io/grpc/grpc-alts/1.50.1/grpc-alts-1.50.1.jar:/home/panama/.m2/repository/io/grpc/grpc-grpclb/1.50.1/grpc-grpclb-1.50.1.jar:/home/panama/.m2/repository/org/conscrypt/conscrypt-openjdk-uber/2.5.2/conscrypt-openjdk-uber-2.5.2.jar:/home/panama/.m2/repository/io/grpc/grpc-context/1.50.1/grpc-context-1.50.1.jar:/home/panama/.m2/repository/com/google/api/grpc/proto-google-iam-v1/1.6.4/proto-google-iam-v1-1.6.4.jar:/home/panama/.m2/repository/com/google/protobuf/protobuf-java/3.21.8/protobuf-java-3.21.8.jar:/home/panama/.m2/repository/com/google/protobuf/protobuf-java-util/3.21.8/protobuf-java-util-3.21.8.jar:/home/panama/.m2/repository/com/google/api/grpc/proto-google-common-protos/2.9.6/proto-google-common-protos-2.9.6.jar:/home/panama/.m2/repository/org/threeten/threetenbp/1.6.3/threetenbp-1.6.3.jar:/home/panama/.m2/repository/com/google/api/grpc/proto-google-cloud-storage-v2/2.14.0-alpha/proto-google-cloud-storage-v2-2.14.0-alpha.jar:/home/panama/.m2/repository/com/google/api/grpc/grpc-google-cloud-storage-v2/2.14.0-alpha/grpc-google-cloud-storage-v2-2.14.0-alpha.jar:/home/panama/.m2/repository/io/grpc/grpc-protobuf/1.50.1/grpc-protobuf-1.50.1.jar:/home/panama/.m2/repository/com/google/api/grpc/gapic-google-cloud-storage-v2/2.14.0-alpha/gapic-google-cloud-storage-v2-2.14.0-alpha.jar:/home/panama/.m2/repository/com/fasterxml/jackson/core/jackson-core/2.13.4/jackson-core-2.13.4.jar:/home/panama/.m2/repository/io/grpc/grpc-api/1.50.1/grpc-api-1.50.1.jar:/home/panama/.m2/repository/io/grpc/grpc-netty-shaded/1.50.1/grpc-netty-shaded-1.50.1.jar:/home/panama/.m2/repository/io/perfmark/perfmark-api/0.25.0/perfmark-api-0.25.0.jar:/home/panama/.m2/repository/io/grpc/grpc-auth/1.50.1/grpc-auth-1.50.1.jar:/home/panama/.m2/repository/io/grpc/grpc-stub/1.50.1/grpc-stub-1.50.1.jar:/home/panama/.m2/repository/io/grpc/grpc-googleapis/1.50.1/grpc-googleapis-1.50.1.jar:/home/panama/.m2/repository/org/checkerframework/checker-qual/3.26.0/checker-qual-3.26.0.jar:/home/panama/.m2/repository/io/grpc/grpc-xds/1.50.1/grpc-xds-1.50.1.jar:/home/panama/.m2/repository/io/opencensus/opencensus-proto/0.2.0/opencensus-proto-0.2.0.jar:/home/panama/.m2/repository/io/grpc/grpc-services/1.50.1/grpc-services-1.50.1.jar:/home/panama/.m2/repository/com/google/re2j/re2j/1.6/re2j-1.6.jar:/home/panama/.m2/repository/com/google/api/grpc/grpc-google-iam-v1/1.6.4/grpc-google-iam-v1-1.6.4.jar:/home/panama/.m2/repository/io/grpc/grpc-protobuf-lite/1.50.1/grpc-protobuf-lite-1.50.1.jar:/home/panama/.m2/repository/com/google/cloud/google-cloud-firestore/3.7.0/google-cloud-firestore-3.7.0.jar:/home/panama/.m2/repository/commons-logging/commons-logging/1.2/commons-logging-1.2.jar:/home/panama/.m2/repository/commons-codec/commons-codec/1.15/commons-codec-1.15.jar:/home/panama/.m2/repository/com/google/api/grpc/proto-google-cloud-firestore-v1/3.7.0/proto-google-cloud-firestore-v1-3.7.0.jar:/home/panama/.m2/repository/com/google/cloud/proto-google-cloud-firestore-bundle-v1/3.7.0/proto-google-cloud-firestore-bundle-v1-3.7.0.jar:/home/panama/.m2/repository/io/opencensus/opencensus-contrib-grpc-util/0.31.1/opencensus-contrib-grpc-util-0.31.1.jar:/home/panama/.m2/repository/com/google/errorprone/error_prone_annotations/2.16/error_prone_annotations-2.16.jar:/home/panama/.m2/repository/com/google/guava/guava/31.1-jre/guava-31.1-jre.jar:/home/panama/.m2/repository/org/slf4j/slf4j-api/2.0.3/slf4j-api-2.0.3.jar:/home/panama/.m2/repository/io/netty/netty-codec-http/4.1.84.Final/netty-codec-http-4.1.84.Final.jar:/home/panama/.m2/repository/io/netty/netty-common/4.1.84.Final/netty-common-4.1.84.Final.jar:/home/panama/.m2/repository/io/netty/netty-buffer/4.1.84.Final/netty-buffer-4.1.84.Final.jar:/home/panama/.m2/repository/io/netty/netty-codec/4.1.84.Final/netty-codec-4.1.84.Final.jar:/home/panama/.m2/repository/io/netty/netty-handler/4.1.84.Final/netty-handler-4.1.84.Final.jar:/home/panama/.m2/repository/io/netty/netty-resolver/4.1.84.Final/netty-resolver-4.1.84.Final.jar:/home/panama/.m2/repository/io/netty/netty-transport-native-unix-common/4.1.84.Final/netty-transport-native-unix-common-4.1.84.Final.jar:/home/panama/.m2/repository/io/netty/netty-transport/4.1.84.Final/netty-transport-4.1.84.Final.jar:"/>
    <property name="java.vm.vendor" value="Ubuntu"/>
    <property name="sun.arch.data.model" value="64"/>
    <property name="java.vendor.url" value="https://ubuntu.com/"/>
    <property name="user.timezone" value=""/>
    <property name="java.vm.specification.version" value="11"/>
    <property name="os.name" value="Linux"/>
    <property name="sun.java.launcher" value="SUN_STANDARD"/>
    <property name="user.country" value="US"/>
    <property name="sun.boot.library.path" value="/usr/lib/jvm/java-11-openjdk-amd64/lib"/>
    <property name="sun.java.command" value="/home/panama/Desktop/DSP/Cerium/server/server/target/surefire/surefirebooter812619340226375642.jar /home/panama/Desktop/DSP/Cerium/server/server/target/surefire 2023-03-23T13-53-03_395-jvmRun1 surefire689079198962517504tmp surefire_07649753950651651024tmp"/>
    <property name="jdk.debug" value="release"/>
    <property name="surefire.test.class.path" value="/home/panama/Desktop/DSP/Cerium/server/server/target/test-classes:/home/panama/Desktop/DSP/Cerium/server/server/target/classes:/home/panama/.m2/repository/junit/junit/4.11/junit-4.11.jar:/home/panama/.m2/repository/org/hamcrest/hamcrest-core/1.3/hamcrest-core-1.3.jar:/home/panama/.m2/repository/com/google/firebase/firebase-admin/9.1.1/firebase-admin-9.1.1.jar:/home/panama/.m2/repository/com/google/api-client/google-api-client/2.0.0/google-api-client-2.0.0.jar:/home/panama/.m2/repository/com/google/oauth-client/google-oauth-client/1.34.1/google-oauth-client-1.34.1.jar:/home/panama/.m2/repository/com/google/http-client/google-http-client-gson/1.42.1/google-http-client-gson-1.42.1.jar:/home/panama/.m2/repository/com/google/http-client/google-http-client-apache-v2/1.42.1/google-http-client-apache-v2-1.42.1.jar:/home/panama/.m2/repository/org/apache/httpcomponents/httpcore/4.4.15/httpcore-4.4.15.jar:/home/panama/.m2/repository/org/apache/httpcomponents/httpclient/4.5.13/httpclient-4.5.13.jar:/home/panama/.m2/repository/com/google/api-client/google-api-client-gson/2.0.0/google-api-client-gson-2.0.0.jar:/home/panama/.m2/repository/com/google/http-client/google-http-client/1.42.2/google-http-client-1.42.2.jar:/home/panama/.m2/repository/com/google/code/findbugs/jsr305/3.0.2/jsr305-3.0.2.jar:/home/panama/.m2/repository/com/google/j2objc/j2objc-annotations/1.3/j2objc-annotations-1.3.jar:/home/panama/.m2/repository/io/opencensus/opencensus-api/0.31.1/opencensus-api-0.31.1.jar:/home/panama/.m2/repository/io/opencensus/opencensus-contrib-http-util/0.31.1/opencensus-contrib-http-util-0.31.1.jar:/home/panama/.m2/repository/com/google/api/api-common/2.2.1/api-common-2.2.1.jar:/home/panama/.m2/repository/javax/annotation/javax.annotation-api/1.3.2/javax.annotation-api-1.3.2.jar:/home/panama/.m2/repository/com/google/auto/value/auto-value-annotations/1.9/auto-value-annotations-1.9.jar:/home/panama/.m2/repository/com/google/auth/google-auth-library-oauth2-http/1.12.1/google-auth-library-oauth2-http-1.12.1.jar:/home/panama/.m2/repository/com/google/auth/google-auth-library-credentials/1.12.1/google-auth-library-credentials-1.12.1.jar:/home/panama/.m2/repository/com/google/cloud/google-cloud-storage/2.14.0/google-cloud-storage-2.14.0.jar:/home/panama/.m2/repository/com/google/guava/failureaccess/1.0.1/failureaccess-1.0.1.jar:/home/panama/.m2/repository/com/google/guava/listenablefuture/9999.0-empty-to-avoid-conflict-with-guava/listenablefuture-9999.0-empty-to-avoid-conflict-with-guava.jar:/home/panama/.m2/repository/com/google/http-client/google-http-client-jackson2/1.42.2/google-http-client-jackson2-1.42.2.jar:/home/panama/.m2/repository/com/google/apis/google-api-services-storage/v1-rev20220705-2.0.0/google-api-services-storage-v1-rev20220705-2.0.0.jar:/home/panama/.m2/repository/com/google/code/gson/gson/2.9.1/gson-2.9.1.jar:/home/panama/.m2/repository/com/google/cloud/google-cloud-core/2.8.22/google-cloud-core-2.8.22.jar:/home/panama/.m2/repository/com/google/cloud/google-cloud-core-http/2.8.22/google-cloud-core-http-2.8.22.jar:/home/panama/.m2/repository/com/google/http-client/google-http-client-appengine/1.42.2/google-http-client-appengine-1.42.2.jar:/home/panama/.m2/repository/com/google/api/gax-httpjson/0.104.4/gax-httpjson-0.104.4.jar:/home/panama/.m2/repository/com/google/cloud/google-cloud-core-grpc/2.8.22/google-cloud-core-grpc-2.8.22.jar:/home/panama/.m2/repository/io/grpc/grpc-core/1.50.1/grpc-core-1.50.1.jar:/home/panama/.m2/repository/com/google/android/annotations/4.1.1.4/annotations-4.1.1.4.jar:/home/panama/.m2/repository/org/codehaus/mojo/animal-sniffer-annotations/1.22/animal-sniffer-annotations-1.22.jar:/home/panama/.m2/repository/com/google/api/gax/2.19.4/gax-2.19.4.jar:/home/panama/.m2/repository/com/google/api/gax-grpc/2.19.4/gax-grpc-2.19.4.jar:/home/panama/.m2/repository/io/grpc/grpc-alts/1.50.1/grpc-alts-1.50.1.jar:/home/panama/.m2/repository/io/grpc/grpc-grpclb/1.50.1/grpc-grpclb-1.50.1.jar:/home/panama/.m2/repository/org/conscrypt/conscrypt-openjdk-uber/2.5.2/conscrypt-openjdk-uber-2.5.2.jar:/home/panama/.m2/repository/io/grpc/grpc-context/1.50.1/grpc-context-1.50.1.jar:/home/panama/.m2/repository/com/google/api/grpc/proto-google-iam-v1/1.6.4/proto-google-iam-v1-1.6.4.jar:/home/panama/.m2/repository/com/google/protobuf/protobuf-java/3.21.8/protobuf-java-3.21.8.jar:/home/panama/.m2/repository/com/google/protobuf/protobuf-java-util/3.21.8/protobuf-java-util-3.21.8.jar:/home/panama/.m2/repository/com/google/api/grpc/proto-google-common-protos/2.9.6/proto-google-common-protos-2.9.6.jar:/home/panama/.m2/repository/org/threeten/threetenbp/1.6.3/threetenbp-1.6.3.jar:/home/panama/.m2/repository/com/google/api/grpc/proto-google-cloud-storage-v2/2.14.0-alpha/proto-google-cloud-storage-v2-2.14.0-alpha.jar:/home/panama/.m2/repository/com/google/api/grpc/grpc-google-cloud-storage-v2/2.14.0-alpha/grpc-google-cloud-storage-v2-2.14.0-alpha.jar:/home/panama/.m2/repository/io/grpc/grpc-protobuf/1.50.1/grpc-protobuf-1.50.1.jar:/home/panama/.m2/repository/com/google/api/grpc/gapic-google-cloud-storage-v2/2.14.0-alpha/gapic-google-cloud-storage-v2-2.14.0-alpha.jar:/home/panama/.m2/repository/com/fasterxml/jackson/core/jackson-core/2.13.4/jackson-core-2.13.4.jar:/home/panama/.m2/repository/io/grpc/grpc-api/1.50.1/grpc-api-1.50.1.jar:/home/panama/.m2/repository/io/grpc/grpc-netty-shaded/1.50.1/grpc-netty-shaded-1.50.1.jar:/home/panama/.m2/repository/io/perfmark/perfmark-api/0.25.0/perfmark-api-0.25.0.jar:/home/panama/.m2/repository/io/grpc/grpc-auth/1.50.1/grpc-auth-1.50.1.jar:/home/panama/.m2/repository/io/grpc/grpc-stub/1.50.1/grpc-stub-1.50.1.jar:/home/panama/.m2/repository/io/grpc/grpc-googleapis/1.50.1/grpc-googleapis-1.50.1.jar:/home/panama/.m2/repository/org/checkerframework/checker-qual/3.26.0/checker-qual-3.26.0.jar:/home/panama/.m2/repository/io/grpc/grpc-xds/1.50.1/grpc-xds-1.50.1.jar:/home/panama/.m2/repository/io/opencensus/opencensus-proto/0.2.0/opencensus-proto-0.2.0.jar:/home/panama/.m2/repository/io/grpc/grpc-services/1.50.1/grpc-services-1.50.1.jar:/home/panama/.m2/repository/com/google/re2j/re2j/1.6/re2j-1.6.jar:/home/panama/.m2/repository/com/google/api/grpc/grpc-google-iam-v1/1.6.4/grpc-google-iam-v1-1.6.4.jar:/home/panama/.m2/repository/io/grpc/grpc-protobuf-lite/1.50.1/grpc-protobuf-lite-1.50.1.jar:/home/panama/.m2/repository/com/google/cloud/google-cloud-firestore/3.7.0/google-cloud-firestore-3.7.0.jar:/home/panama/.m2/repository/commons-logging/commons-logging/1.2/commons-logging-1.2.jar:/home/panama/.m2/repository/commons-codec/commons-codec/1.15/commons-codec-1.15.jar:/home/panama/.m2/repository/com/google/api/grpc/proto-google-cloud-firestore-v1/3.7.0/proto-google-cloud-firestore-v1-3.7.0.jar:/home/panama/.m2/repository/com/google/cloud/proto-google-cloud-firestore-bundle-v1/3.7.0/proto-google-cloud-firestore-bundle-v1-3.7.0.jar:/home/panama/.m2/repository/io/opencensus/opencensus-contrib-grpc-util/0.31.1/opencensus-contrib-grpc-util-0.31.1.jar:/home/panama/.m2/repository/com/google/errorprone/error_prone_annotations/2.16/error_prone_annotations-2.16.jar:/home/panama/.m2/repository/com/google/guava/guava/31.1-jre/guava-31.1-jre.jar:/home/panama/.m2/repository/org/slf4j/slf4j-api/2.0.3/slf4j-api-2.0.3.jar:/home/panama/.m2/repository/io/netty/netty-codec-http/4.1.84.Final/netty-codec-http-4.1.84.Final.jar:/home/panama/.m2/repository/io/netty/netty-common/4.1.84.Final/netty-common-4.1.84.Final.jar:/home/panama/.m2/repository/io/netty/netty-buffer/4.1.84.Final/netty-buffer-4.1.84.Final.jar:/home/panama/.m2/repository/io/netty/netty-codec/4.1.84.Final/netty-codec-4.1.84.Final.jar:/home/panama/.m2/repository/io/netty/netty-handler/4.1.84.Final/netty-handler-4.1.84.Final.jar:/home/panama/.m2/repository/io/netty/netty-resolver/4.1.84.Final/netty-resolver-4.1.84.Final.jar:/home/panama/.m2/repository/io/netty/netty-transport-native-unix-common/4.1.84.Final/netty-transport-native-unix-common-4.1.84.Final.jar:/home/panama/.m2/repository/io/netty/netty-transport/4.1.84.Final/netty-transport-4.1.84.Final.jar:"/>
    <property name="sun.cpu.endian" value="little"/>
    <property name="user.home" value="/home/panama"/>
    <property name="user.language" value="en"/>
    <property name="java.specification.vendor" value="Oracle Corporation"/>
    <property name="java.version.date" value="2023-01-17"/>
    <property name="java.home" value="/usr/lib/jvm/java-11-openjdk-amd64"/>
    <property name="file.separator" value="/"/>
    <property name="basedir" value="/home/panama/Desktop/DSP/Cerium/server/server"/>
    <property name="java.vm.compressedOopsMode" value="Zero based"/>
    <property name="line.separator" value="&#10;"/>
    <property name="java.specification.name" value="Java Platform API Specification"/>
    <property name="java.vm.specification.vendor" value="Oracle Corporation"/>
    <property name="java.awt.graphicsenv" value="sun.awt.X11GraphicsEnvironment"/>
    <property name="surefire.real.class.path" value="/home/panama/Desktop/DSP/Cerium/server/server/target/surefire/surefirebooter812619340226375642.jar"/>
    <property name="sun.management.compiler" value="HotSpot 64-Bit Tiered Compilers"/>
    <property name="java.runtime.version" value="11.0.18+10-post-Ubuntu-0ubuntu122.04"/>
    <property name="user.name" value="panama"/>
    <property name="path.separator" value=":"/>
    <property name="os.version" value="5.19.0-35-generic"/>
    <property name="java.runtime.name" value="OpenJDK Runtime Environment"/>
    <property name="file.encoding" value="UTF-8"/>
    <property name="java.vm.name" value="OpenJDK 64-Bit Server VM"/>
    <property name="localRepository" value="/home/panama/.m2/repository"/>
    <property name="java.vendor.url.bug" value="https://bugs.launchpad.net/ubuntu/+source/openjdk-lts"/>
    <property name="java.io.tmpdir" value="/tmp"/>
    <property name="java.version" value="11.0.18"/>
    <property name="user.dir" value="/home/panama/Desktop/DSP/Cerium/server/server"/>
    <property name="os.arch" value="amd64"/>
    <property name="java.vm.specification.name" value="Java Virtual Machine Specification"/>
    <property name="java.awt.printerjob" value="sun.print.PSPrinterJob"/>
    <property name="sun.os.patch.level" value="unknown"/>
    <property name="java.library.path" value="/usr/java/packages/lib:/usr/lib/x86_64-linux-gnu/jni:/lib/x86_64-linux-gnu:/usr/lib/x86_64-linux-gnu:/usr/lib/jni:/lib:/usr/lib"/>
    <property name="java.vm.info" value="mixed mode, sharing"/>
    <property name="java.vendor" value="Ubuntu"/>
    <property name="java.vm.version" value="11.0.18+10-post-Ubuntu-0ubuntu122.04"/>
    <property name="sun.io.unicode.encoding" value="UnicodeLittle"/>
    <property name="java.class.version" value="55.0"/>
  </properties>
  <testcase name="shouldAnswerWithTrue" classname="com.tempus.app.AppTest" time="0.002"/>
</testsuite>